Jul 29 12:04:52 localhost app[1234]: INFO - Application started successfully.
Jul 29 13:20:20 localhost app[1234]: INFO - Shutdown complete.
Jul 29 01:47:12 localhost app[1234]: DEBUG - Fetching user data...
Jul 29 00:14:44 localhost app[1234]: INFO - Shutdown complete.
Jul 29 02:41:45 localhost app[1234]: INFO - Shutdown complete.
Jul 29 03:17:41 localhost app[1234]: INFO - Application started successfully.
Jul 29 02:18:58 localhost app[1234]: WARNING - Configuration file not found. Using defaults.
Jul 29 19:19:46 localhost app[1234]: DEBUG - Fetching user data...
Jul 29 13:22:26 localhost app[1234]: DEBUG - Fetching user data...
Jul 29 04:25:58 localhost app[1234]: ERROR - Database connection failed.
Jul 29 04:42:33 localhost app[1234]: ERROR - Database connection failed.
Jul 29 20:17:26 localhost app[1234]: DEBUG - Fetching user data...
Jul 29 20:51:10 localhost app[1234]: WARNING - Configuration file not found. Using defaults.
Jul 29 11:05:11 localhost app[1234]: INFO - Shutdown complete.
Jul 29 17:54:07 localhost app[1234]: INFO - Application started successfully.
Jul 28 23:37:01 localhost app[1234]: INFO - Application started successfully.
Jul 29 08:24:56 localhost app[1234]: ERROR - Database connection failed.
Jul 29 11:29:40 localhost app[1234]: INFO - Application started successfully.
Jul 29 17:16:25 localhost app[1234]: WARNING - Configuration file not found. Using defaults.
Jul 29 14:31:23 localhost app[1234]: INFO - Application started successfully.
Jul 29 12:10:50 localhost app[1234]: INFO - Application started successfully.
Jul 29 02:49:04 localhost app[1234]: INFO - Application started successfully.
Jul 29 21:06:50 localhost app[1234]: ERROR - Database connection failed.
Jul 29 10:24:22 localhost app[1234]: INFO - Shutdown complete.
Jul 29 07:21:46 localhost app[1234]: INFO - Application started successfully.
Jul 28 23:05:16 localhost app[1234]: DEBUG - Fetching user data...
Jul 29 03:34:29 localhost app[1234]: DEBUG - Fetching user data...
Jul 29 04:36:50 localhost app[1234]: DEBUG - Fetching user data...
Jul 29 19:28:58 localhost app[1234]: INFO - Application started successfully.
Jul 29 17:11:06 localhost app[1234]: ERROR - Database connection failed.
Jul 29 06:43:28 localhost app[1234]: INFO - Application started successfully.
Jul 29 18:10:35 localhost app[1234]: DEBUG - Fetching user data...
Jul 29 11:46:12 localhost app[1234]: INFO - Application started successfully.
Jul 29 18:21:21 localhost app[1234]: WARNING - Configuration file not found. Using defaults.
Jul 28 23:03:57 localhost app[1234]: WARNING - Configuration file not found. Using defaults.
Jul 29 09:26:37 localhost app[1234]: INFO - Shutdown complete.
Jul 29 00:38:52 localhost app[1234]: WARNING - Configuration file not found. Using defaults.
Jul 29 00:07:23 localhost app[1234]: INFO - Application started successfully.
Jul 29 18:35:00 localhost app[1234]: DEBUG - Fetching user data...
Jul 29 07:12:39 localhost app[1234]: INFO - Shutdown complete.
Jul 29 14:03:16 localhost app[1234]: ERROR - Database connection failed.
Jul 29 15:55:02 localhost app[1234]: INFO - Shutdown complete.
Jul 29 02:21:40 localhost app[1234]: WARNING - Configuration file not found. Using defaults.
Jul 29 02:51:05 localhost app[1234]: WARNING - Configuration file not found. Using defaults.
Jul 29 08:46:05 localhost app[1234]: ERROR - Database connection failed.
Jul 29 12:40:03 localhost app[1234]: DEBUG - Fetching user data...
Jul 29 09:55:10 localhost app[1234]: ERROR - Database connection failed.
Jul 29 15:09:29 localhost app[1234]: DEBUG - Fetching user data...
Jul 28 23:11:04 localhost app[1234]: ERROR - Database connection failed.
Jul 29 18:12:29 localhost app[1234]: WARNING - Configuration file not found. Using defaults.
Jul 29 16:40:20 localhost app[1234]: ERROR - Database connection failed.
Jul 29 10:43:26 localhost app[1234]: INFO - Shutdown complete.
Jul 29 07:37:35 localhost app[1234]: WARNING - Configuration file not found. Using defaults.
Jul 29 22:23:51 localhost app[1234]: INFO - Shutdown complete.
Jul 29 04:39:37 localhost app[1234]: ERROR - Database connection failed.
Jul 29 09:35:30 localhost app[1234]: DEBUG - Fetching user data...
Jul 29 05:19:59 localhost app[1234]: ERROR - Database connection failed.
Jul 29 03:33:49 localhost app[1234]: INFO - Application started successfully.
Jul 29 19:57:41 localhost app[1234]: INFO - Shutdown complete.
Jul 29 17:51:03 localhost app[1234]: INFO - Shutdown complete.
Jul 28 23:57:44 localhost app[1234]: DEBUG - Fetching user data...
Jul 29 07:11:24 localhost app[1234]: INFO - Shutdown complete.
Jul 29 08:22:02 localhost app[1234]: INFO - Shutdown complete.
Jul 29 12:55:28 localhost app[1234]: INFO - Application started successfully.
Jul 29 06:57:11 localhost app[1234]: DEBUG - Fetching user data...
Jul 29 00:43:04 localhost app[1234]: ERROR - Database connection failed.
Jul 29 12:06:09 localhost app[1234]: DEBUG - Fetching user data...
Jul 29 10:41:28 localhost app[1234]: ERROR - Database connection failed.
Jul 29 11:59:59 localhost app[1234]: DEBUG - Fetching user data...
Jul 29 10:03:49 localhost app[1234]: DEBUG - Fetching user data...
Jul 29 13:10:48 localhost app[1234]: DEBUG - Fetching user data...
Jul 29 05:23:14 localhost app[1234]: INFO - Shutdown complete.
Jul 29 09:26:30 localhost app[1234]: INFO - Application started successfully.
Jul 29 02:26:38 localhost app[1234]: INFO - Shutdown complete.
Jul 29 21:26:00 localhost app[1234]: WARNING - Configuration file not found. Using defaults.
Jul 29 10:14:30 localhost app[1234]: WARNING - Configuration file not found. Using defaults.
Jul 29 07:45:20 localhost app[1234]: ERROR - Database connection failed.
Jul 29 20:08:19 localhost app[1234]: ERROR - Database connection failed.
Jul 29 18:29:52 localhost app[1234]: WARNING - Configuration file not found. Using defaults.
Jul 28 23:49:40 localhost app[1234]: DEBUG - Fetching user data...
Jul 29 00:13:18 localhost app[1234]: INFO - Application started successfully.
Jul 29 03:52:32 localhost app[1234]: DEBUG - Fetching user data...
Jul 29 20:52:12 localhost app[1234]: INFO - Shutdown complete.
Jul 29 12:22:52 localhost app[1234]: DEBUG - Fetching user data...
Jul 29 01:36:20 localhost app[1234]: DEBUG - Fetching user data...
Jul 29 12:35:04 localhost app[1234]: ERROR - Database connection failed.
Jul 29 20:34:48 localhost app[1234]: INFO - Shutdown complete.
Jul 29 20:12:01 localhost app[1234]: DEBUG - Fetching user data...
Jul 29 03:01:07 localhost app[1234]: INFO - Application started successfully.
Jul 29 01:48:05 localhost app[1234]: DEBUG - Fetching user data...
Jul 29 03:42:40 localhost app[1234]: ERROR - Database connection failed.
Jul 29 12:41:15 localhost app[1234]: INFO - Application started successfully.
Jul 29 06:06:26 localhost app[1234]: WARNING - Configuration file not found. Using defaults.
Jul 29 18:15:52 localhost app[1234]: DEBUG - Fetching user data...
Jul 29 02:48:30 localhost app[1234]: WARNING - Configuration file not found. Using defaults.
Jul 29 12:57:56 localhost app[1234]: WARNING - Configuration file not found. Using defaults.
Jul 29 19:02:57 localhost app[1234]: ERROR - Database connection failed.
Jul 29 19:35:50 localhost app[1234]: WARNING - Configuration file not found. Using defaults.
Jul 29 05:12:27 localhost app[1234]: INFO - Shutdown complete.
Jul 29 14:56:47 localhost app[1234]: INFO - Application started successfully.
