Jul 29 01:06:11 localhost Started Remount Root and Kernel File Systems.
Jul 29 19:50:52 localhost Started Show Plymouth Boot Screen.
Jul 29 11:22:22 localhost Started Forward Password Requests to Plymouth Directory Watch.
Jul 29 17:58:54 localhost Reached target Basic System.
Jul 29 00:32:39 localhost Starting Initrd Default Target...
Jul 29 13:15:58 localhost Started Forward Password Requests to Plymouth Directory Watch.
Jul 29 16:18:46 localhost Started Remount Root and Kernel File Systems.
Jul 29 06:12:31 localhost Reached target Basic System.
Jul 29 19:26:57 localhost Started Show Plymouth Boot Screen.
Jul 29 03:55:33 localhost Starting Initrd Default Target...
Jul 29 02:55:58 localhost Started Forward Password Requests to Plymouth Directory Watch.
Jul 29 02:36:34 localhost Reached target Basic System.
Jul 29 18:59:37 localhost Started Remount Root and Kernel File Systems.
Jul 28 23:14:01 localhost Started Remount Root and Kernel File Systems.
Jul 29 07:15:27 localhost Started Remount Root and Kernel File Systems.
Jul 29 06:27:11 localhost Started Remount Root and Kernel File Systems.
Jul 29 20:25:58 localhost Started Show Plymouth Boot Screen.
Jul 29 09:53:20 localhost Started Forward Password Requests to Plymouth Directory Watch.
Jul 29 04:23:30 localhost Started Forward Password Requests to Plymouth Directory Watch.
Jul 29 05:58:09 localhost Started Remount Root and Kernel File Systems.
Jul 29 19:09:11 localhost Started Remount Root and Kernel File Systems.
Jul 29 19:12:25 localhost Started Forward Password Requests to Plymouth Directory Watch.
Jul 29 11:35:37 localhost Reached target Basic System.
Jul 29 04:58:43 localhost Started Remount Root and Kernel File Systems.
Jul 29 04:23:18 localhost Starting Initrd Default Target...
Jul 29 13:43:33 localhost Reached target Basic System.
Jul 29 13:16:32 localhost Started Show Plymouth Boot Screen.
Jul 29 00:17:12 localhost Started Show Plymouth Boot Screen.
Jul 29 16:34:19 localhost Started Show Plymouth Boot Screen.
Jul 29 00:20:59 localhost Reached target Basic System.
Jul 29 20:48:15 localhost Started Show Plymouth Boot Screen.
Jul 29 00:49:39 localhost Starting Initrd Default Target...
Jul 29 05:11:48 localhost Started Forward Password Requests to Plymouth Directory Watch.
Jul 29 05:20:22 localhost Started Remount Root and Kernel File Systems.
Jul 29 19:01:54 localhost Reached target Basic System.
Jul 29 20:02:43 localhost Starting Initrd Default Target...
Jul 29 03:56:55 localhost Started Show Plymouth Boot Screen.
Jul 28 23:21:06 localhost Reached target Basic System.
Jul 29 21:15:22 localhost Started Show Plymouth Boot Screen.
Jul 29 03:53:30 localhost Started Show Plymouth Boot Screen.
Jul 29 01:48:41 localhost Reached target Basic System.
Jul 29 17:44:31 localhost Starting Initrd Default Target...
Jul 29 15:50:45 localhost Reached target Basic System.
Jul 29 06:18:37 localhost Started Forward Password Requests to Plymouth Directory Watch.
Jul 29 17:06:36 localhost Started Show Plymouth Boot Screen.
Jul 29 19:59:09 localhost Started Show Plymouth Boot Screen.
Jul 29 04:53:40 localhost Reached target Basic System.
Jul 29 00:08:00 localhost Started Remount Root and Kernel File Systems.
Jul 29 10:32:02 localhost Starting Initrd Default Target...
Jul 29 08:55:12 localhost Started Forward Password Requests to Plymouth Directory Watch.
Jul 29 18:19:30 localhost Started Show Plymouth Boot Screen.
Jul 29 17:39:03 localhost Started Show Plymouth Boot Screen.
Jul 29 13:35:59 localhost Started Show Plymouth Boot Screen.
Jul 29 04:29:40 localhost Started Forward Password Requests to Plymouth Directory Watch.
Jul 29 17:42:50 localhost Started Forward Password Requests to Plymouth Directory Watch.
Jul 29 12:29:05 localhost Started Forward Password Requests to Plymouth Directory Watch.
Jul 29 15:10:51 localhost Started Remount Root and Kernel File Systems.
Jul 29 21:47:52 localhost Reached target Basic System.
Jul 29 18:29:03 localhost Started Forward Password Requests to Plymouth Directory Watch.
Jul 29 20:03:26 localhost Started Forward Password Requests to Plymouth Directory Watch.
Jul 29 19:20:17 localhost Reached target Basic System.
Jul 29 03:57:46 localhost Starting Initrd Default Target...
Jul 29 06:34:49 localhost Started Forward Password Requests to Plymouth Directory Watch.
Jul 29 17:39:08 localhost Starting Initrd Default Target...
Jul 29 18:28:16 localhost Starting Initrd Default Target...
Jul 29 14:51:25 localhost Starting Initrd Default Target...
Jul 29 01:41:39 localhost Started Show Plymouth Boot Screen.
Jul 29 15:05:00 localhost Started Remount Root and Kernel File Systems.
Jul 29 17:13:13 localhost Started Show Plymouth Boot Screen.
Jul 29 21:55:59 localhost Reached target Basic System.
Jul 29 12:02:01 localhost Started Remount Root and Kernel File Systems.
Jul 29 01:16:14 localhost Started Forward Password Requests to Plymouth Directory Watch.
Jul 29 20:32:43 localhost Started Remount Root and Kernel File Systems.
Jul 29 16:09:20 localhost Started Remount Root and Kernel File Systems.
Jul 29 22:44:02 localhost Starting Initrd Default Target...
Jul 29 19:42:43 localhost Reached target Basic System.
Jul 29 16:15:31 localhost Reached target Basic System.
Jul 29 21:56:09 localhost Started Forward Password Requests to Plymouth Directory Watch.
Jul 28 23:15:45 localhost Started Remount Root and Kernel File Systems.
Jul 29 14:57:36 localhost Reached target Basic System.
Jul 29 03:20:43 localhost Starting Initrd Default Target...
Jul 28 23:03:25 localhost Started Remount Root and Kernel File Systems.
Jul 29 05:30:59 localhost Started Show Plymouth Boot Screen.
Jul 29 11:32:51 localhost Started Remount Root and Kernel File Systems.
Jul 29 01:56:42 localhost Reached target Basic System.
Jul 28 23:13:33 localhost Started Forward Password Requests to Plymouth Directory Watch.
Jul 29 12:21:43 localhost Started Remount Root and Kernel File Systems.
Jul 29 15:20:46 localhost Started Forward Password Requests to Plymouth Directory Watch.
Jul 29 01:47:40 localhost Reached target Basic System.
Jul 29 08:14:48 localhost Started Show Plymouth Boot Screen.
Jul 29 19:49:56 localhost Started Remount Root and Kernel File Systems.
Jul 29 01:41:38 localhost Started Forward Password Requests to Plymouth Directory Watch.
Jul 29 06:41:45 localhost Starting Initrd Default Target...
Jul 29 13:35:32 localhost Reached target Basic System.
Jul 29 09:30:27 localhost Started Remount Root and Kernel File Systems.
Jul 29 07:45:58 localhost Reached target Basic System.
Jul 29 18:29:31 localhost Started Remount Root and Kernel File Systems.
Jul 29 19:24:35 localhost Started Show Plymouth Boot Screen.
Jul 29 02:19:13 localhost Started Show Plymouth Boot Screen.
Jul 29 13:09:20 localhost Reached target Basic System.
