Jul 29 21:59:13 localhost CRON[12345]: (root) CMD (run-parts /etc/cron.hourly)
Jul 29 05:48:02 localhost CRON[23456]: (user) CMD (/usr/bin/python3 /home/user/script.py)
Jul 28 23:06:20 localhost CRON[23456]: (user) CMD (/usr/bin/python3 /home/user/script.py)
Jul 29 08:20:14 localhost CRON[45678]: (daemon) CMD (/bin/sh /etc/cron.daily/logrotate)
Jul 29 12:09:46 localhost CRON[45678]: (daemon) CMD (/bin/sh /etc/cron.daily/logrotate)
Jul 29 04:15:20 localhost CRON[56789]: (nobody) CMD (echo 'hello world')
Jul 29 06:56:35 localhost CRON[45678]: (daemon) CMD (/bin/sh /etc/cron.daily/logrotate)
Jul 29 02:09:16 localhost CRON[34567]: (backup) CMD (/usr/local/bin/backup.sh)
Jul 29 01:47:56 localhost CRON[12345]: (root) CMD (run-parts /etc/cron.hourly)
Jul 29 02:46:25 localhost CRON[34567]: (backup) CMD (/usr/local/bin/backup.sh)
Jul 29 09:08:50 localhost CRON[23456]: (user) CMD (/usr/bin/python3 /home/user/script.py)
Jul 29 02:15:35 localhost CRON[12345]: (root) CMD (run-parts /etc/cron.hourly)
Jul 29 14:11:53 localhost CRON[45678]: (daemon) CMD (/bin/sh /etc/cron.daily/logrotate)
Jul 28 23:55:00 localhost CRON[34567]: (backup) CMD (/usr/local/bin/backup.sh)
Jul 29 20:58:51 localhost CRON[34567]: (backup) CMD (/usr/local/bin/backup.sh)
Jul 29 19:06:59 localhost CRON[45678]: (daemon) CMD (/bin/sh /etc/cron.daily/logrotate)
Jul 29 19:02:58 localhost CRON[45678]: (daemon) CMD (/bin/sh /etc/cron.daily/logrotate)
Jul 29 12:33:16 localhost CRON[45678]: (daemon) CMD (/bin/sh /etc/cron.daily/logrotate)
Jul 29 21:50:15 localhost CRON[12345]: (root) CMD (run-parts /etc/cron.hourly)
Jul 29 21:10:55 localhost CRON[34567]: (backup) CMD (/usr/local/bin/backup.sh)
Jul 29 03:58:35 localhost CRON[56789]: (nobody) CMD (echo 'hello world')
Jul 29 09:38:14 localhost CRON[23456]: (user) CMD (/usr/bin/python3 /home/user/script.py)
Jul 29 15:34:19 localhost CRON[12345]: (root) CMD (run-parts /etc/cron.hourly)
Jul 29 12:08:51 localhost CRON[12345]: (root) CMD (run-parts /etc/cron.hourly)
Jul 29 20:06:17 localhost CRON[12345]: (root) CMD (run-parts /etc/cron.hourly)
Jul 28 23:33:55 localhost CRON[23456]: (user) CMD (/usr/bin/python3 /home/user/script.py)
Jul 29 00:06:24 localhost CRON[23456]: (user) CMD (/usr/bin/python3 /home/user/script.py)
Jul 29 15:11:45 localhost CRON[34567]: (backup) CMD (/usr/local/bin/backup.sh)
Jul 28 23:01:55 localhost CRON[12345]: (root) CMD (run-parts /etc/cron.hourly)
Jul 29 13:28:26 localhost CRON[56789]: (nobody) CMD (echo 'hello world')
Jul 29 00:19:47 localhost CRON[45678]: (daemon) CMD (/bin/sh /etc/cron.daily/logrotate)
Jul 29 10:38:42 localhost CRON[12345]: (root) CMD (run-parts /etc/cron.hourly)
Jul 29 19:06:15 localhost CRON[34567]: (backup) CMD (/usr/local/bin/backup.sh)
Jul 29 08:14:44 localhost CRON[34567]: (backup) CMD (/usr/local/bin/backup.sh)
Jul 29 01:01:00 localhost CRON[34567]: (backup) CMD (/usr/local/bin/backup.sh)
Jul 29 15:49:24 localhost CRON[34567]: (backup) CMD (/usr/local/bin/backup.sh)
Jul 29 20:26:06 localhost CRON[34567]: (backup) CMD (/usr/local/bin/backup.sh)
Jul 29 02:38:11 localhost CRON[45678]: (daemon) CMD (/bin/sh /etc/cron.daily/logrotate)
Jul 29 12:57:39 localhost CRON[45678]: (daemon) CMD (/bin/sh /etc/cron.daily/logrotate)
Jul 29 01:52:00 localhost CRON[23456]: (user) CMD (/usr/bin/python3 /home/user/script.py)
Jul 29 04:15:54 localhost CRON[34567]: (backup) CMD (/usr/local/bin/backup.sh)
Jul 29 22:19:33 localhost CRON[23456]: (user) CMD (/usr/bin/python3 /home/user/script.py)
Jul 29 04:12:07 localhost CRON[45678]: (daemon) CMD (/bin/sh /etc/cron.daily/logrotate)
Jul 29 07:07:36 localhost CRON[34567]: (backup) CMD (/usr/local/bin/backup.sh)
Jul 29 07:59:09 localhost CRON[45678]: (daemon) CMD (/bin/sh /etc/cron.daily/logrotate)
Jul 29 08:16:45 localhost CRON[45678]: (daemon) CMD (/bin/sh /etc/cron.daily/logrotate)
Jul 29 09:21:31 localhost CRON[45678]: (daemon) CMD (/bin/sh /etc/cron.daily/logrotate)
Jul 29 01:33:40 localhost CRON[45678]: (daemon) CMD (/bin/sh /etc/cron.daily/logrotate)
Jul 29 16:12:51 localhost CRON[45678]: (daemon) CMD (/bin/sh /etc/cron.daily/logrotate)
Jul 29 04:15:57 localhost CRON[23456]: (user) CMD (/usr/bin/python3 /home/user/script.py)
Jul 29 12:15:28 localhost CRON[23456]: (user) CMD (/usr/bin/python3 /home/user/script.py)
Jul 29 22:31:16 localhost CRON[12345]: (root) CMD (run-parts /etc/cron.hourly)
Jul 29 22:43:52 localhost CRON[56789]: (nobody) CMD (echo 'hello world')
Jul 29 10:17:34 localhost CRON[34567]: (backup) CMD (/usr/local/bin/backup.sh)
Jul 29 10:30:41 localhost CRON[56789]: (nobody) CMD (echo 'hello world')
Jul 29 19:02:40 localhost CRON[34567]: (backup) CMD (/usr/local/bin/backup.sh)
Jul 29 18:42:58 localhost CRON[56789]: (nobody) CMD (echo 'hello world')
Jul 29 15:55:40 localhost CRON[56789]: (nobody) CMD (echo 'hello world')
Jul 29 05:38:02 localhost CRON[12345]: (root) CMD (run-parts /etc/cron.hourly)
Jul 29 14:19:18 localhost CRON[45678]: (daemon) CMD (/bin/sh /etc/cron.daily/logrotate)
Jul 29 14:14:08 localhost CRON[34567]: (backup) CMD (/usr/local/bin/backup.sh)
Jul 29 09:27:13 localhost CRON[45678]: (daemon) CMD (/bin/sh /etc/cron.daily/logrotate)
Jul 29 21:59:05 localhost CRON[23456]: (user) CMD (/usr/bin/python3 /home/user/script.py)
Jul 29 12:39:00 localhost CRON[45678]: (daemon) CMD (/bin/sh /etc/cron.daily/logrotate)
Jul 29 02:25:27 localhost CRON[45678]: (daemon) CMD (/bin/sh /etc/cron.daily/logrotate)
Jul 29 03:43:32 localhost CRON[56789]: (nobody) CMD (echo 'hello world')
Jul 29 01:25:17 localhost CRON[34567]: (backup) CMD (/usr/local/bin/backup.sh)
Jul 29 06:46:19 localhost CRON[23456]: (user) CMD (/usr/bin/python3 /home/user/script.py)
Jul 29 13:35:13 localhost CRON[56789]: (nobody) CMD (echo 'hello world')
Jul 28 22:56:52 localhost CRON[12345]: (root) CMD (run-parts /etc/cron.hourly)
Jul 29 09:14:42 localhost CRON[34567]: (backup) CMD (/usr/local/bin/backup.sh)
Jul 29 21:14:50 localhost CRON[56789]: (nobody) CMD (echo 'hello world')
Jul 29 11:52:06 localhost CRON[56789]: (nobody) CMD (echo 'hello world')
Jul 29 06:22:44 localhost CRON[56789]: (nobody) CMD (echo 'hello world')
Jul 29 04:45:33 localhost CRON[34567]: (backup) CMD (/usr/local/bin/backup.sh)
Jul 29 13:20:33 localhost CRON[34567]: (backup) CMD (/usr/local/bin/backup.sh)
Jul 29 11:19:33 localhost CRON[45678]: (daemon) CMD (/bin/sh /etc/cron.daily/logrotate)
Jul 29 18:12:01 localhost CRON[56789]: (nobody) CMD (echo 'hello world')
Jul 29 05:29:51 localhost CRON[23456]: (user) CMD (/usr/bin/python3 /home/user/script.py)
Jul 29 09:35:40 localhost CRON[12345]: (root) CMD (run-parts /etc/cron.hourly)
Jul 29 03:11:04 localhost CRON[23456]: (user) CMD (/usr/bin/python3 /home/user/script.py)
Jul 29 04:48:43 localhost CRON[34567]: (backup) CMD (/usr/local/bin/backup.sh)
Jul 29 10:18:55 localhost CRON[56789]: (nobody) CMD (echo 'hello world')
Jul 29 07:21:12 localhost CRON[34567]: (backup) CMD (/usr/local/bin/backup.sh)
Jul 29 00:36:24 localhost CRON[45678]: (daemon) CMD (/bin/sh /etc/cron.daily/logrotate)
Jul 29 17:25:44 localhost CRON[12345]: (root) CMD (run-parts /etc/cron.hourly)
Jul 29 19:06:52 localhost CRON[12345]: (root) CMD (run-parts /etc/cron.hourly)
Jul 29 08:18:09 localhost CRON[45678]: (daemon) CMD (/bin/sh /etc/cron.daily/logrotate)
Jul 28 23:04:34 localhost CRON[45678]: (daemon) CMD (/bin/sh /etc/cron.daily/logrotate)
Jul 29 08:35:10 localhost CRON[56789]: (nobody) CMD (echo 'hello world')
Jul 29 05:18:09 localhost CRON[56789]: (nobody) CMD (echo 'hello world')
Jul 28 22:49:54 localhost CRON[23456]: (user) CMD (/usr/bin/python3 /home/user/script.py)
Jul 29 21:56:17 localhost CRON[12345]: (root) CMD (run-parts /etc/cron.hourly)
Jul 29 11:10:57 localhost CRON[45678]: (daemon) CMD (/bin/sh /etc/cron.daily/logrotate)
Jul 29 11:44:14 localhost CRON[45678]: (daemon) CMD (/bin/sh /etc/cron.daily/logrotate)
Jul 29 14:41:09 localhost CRON[56789]: (nobody) CMD (echo 'hello world')
Jul 29 08:52:03 localhost CRON[23456]: (user) CMD (/usr/bin/python3 /home/user/script.py)
Jul 29 18:23:47 localhost CRON[56789]: (nobody) CMD (echo 'hello world')
Jul 29 19:46:56 localhost CRON[23456]: (user) CMD (/usr/bin/python3 /home/user/script.py)
Jul 29 18:11:30 localhost CRON[12345]: (root) CMD (run-parts /etc/cron.hourly)
