Jul 29 21:47:57 localhost Service only ran for 0 seconds. Pushing respawn out by 10 seconds.
Jul 29 14:39:34 localhost Stopped target Graphical Interface.
Jul 29 07:41:02 localhost Service only ran for 0 seconds. Pushing respawn out by 10 seconds.
Jul 29 06:39:37 localhost Started Update UTMP about System Boot/Shutdown.
Jul 29 04:52:34 localhost Started Update UTMP about System Boot/Shutdown.
Jul 29 09:28:34 localhost Reached target Sleep.
Jul 29 17:37:18 localhost Reached target Sleep.
Jul 29 01:23:10 localhost Reached target Sleep.
Jul 29 01:39:32 localhost Reached target Sleep.
Jul 29 13:17:54 localhost Service only ran for 0 seconds. Pushing respawn out by 10 seconds.
Jul 29 12:43:30 localhost Reached target Sleep.
Jul 29 09:06:50 localhost Stopped target Graphical Interface.
Jul 29 02:20:22 localhost Reached target Sleep.
Jul 29 06:04:55 localhost Started Update UTMP about System Boot/Shutdown.
Jul 29 08:35:53 localhost Stopped target Graphical Interface.
Jul 29 06:51:23 localhost Reached target Sleep.
Jul 29 08:54:31 localhost Started Network Manager Script Dispatcher Service.
Jul 28 23:52:32 localhost Stopped target Graphical Interface.
Jul 29 00:07:13 localhost Started Network Manager Script Dispatcher Service.
Jul 29 07:00:01 localhost Reached target Sleep.
Jul 29 20:55:24 localhost Stopped target Graphical Interface.
Jul 29 15:22:21 localhost Service only ran for 0 seconds. Pushing respawn out by 10 seconds.
Jul 29 21:05:37 localhost Started Network Manager Script Dispatcher Service.
Jul 28 23:16:11 localhost Stopped target Graphical Interface.
Jul 29 07:54:22 localhost Stopped target Graphical Interface.
Jul 29 19:29:46 localhost Started Network Manager Script Dispatcher Service.
Jul 29 05:08:04 localhost Stopped target Graphical Interface.
Jul 29 13:27:06 localhost Started Update UTMP about System Boot/Shutdown.
Jul 29 17:20:42 localhost Reached target Sleep.
Jul 29 02:43:56 localhost Started Update UTMP about System Boot/Shutdown.
Jul 29 06:43:14 localhost Service only ran for 0 seconds. Pushing respawn out by 10 seconds.
Jul 29 01:32:16 localhost Service only ran for 0 seconds. Pushing respawn out by 10 seconds.
Jul 29 04:11:27 localhost Started Update UTMP about System Boot/Shutdown.
Jul 29 13:37:16 localhost Reached target Sleep.
Jul 29 06:54:45 localhost Started Network Manager Script Dispatcher Service.
Jul 29 04:27:28 localhost Started Update UTMP about System Boot/Shutdown.
Jul 29 10:42:08 localhost Stopped target Graphical Interface.
Jul 29 16:25:24 localhost Stopped target Graphical Interface.
Jul 29 00:44:38 localhost Reached target Sleep.
Jul 29 02:02:25 localhost Started Network Manager Script Dispatcher Service.
Jul 29 21:25:43 localhost Started Update UTMP about System Boot/Shutdown.
Jul 28 22:57:36 localhost Service only ran for 0 seconds. Pushing respawn out by 10 seconds.
Jul 29 13:06:03 localhost Started Update UTMP about System Boot/Shutdown.
Jul 29 09:54:07 localhost Reached target Sleep.
Jul 29 13:56:42 localhost Started Network Manager Script Dispatcher Service.
Jul 29 02:55:44 localhost Started Update UTMP about System Boot/Shutdown.
Jul 29 11:10:52 localhost Reached target Sleep.
Jul 29 15:26:48 localhost Started Network Manager Script Dispatcher Service.
Jul 29 00:33:48 localhost Started Network Manager Script Dispatcher Service.
Jul 29 22:11:28 localhost Service only ran for 0 seconds. Pushing respawn out by 10 seconds.
Jul 29 10:55:04 localhost Stopped target Graphical Interface.
Jul 29 11:29:07 localhost Started Network Manager Script Dispatcher Service.
Jul 29 02:42:18 localhost Started Update UTMP about System Boot/Shutdown.
Jul 29 05:29:46 localhost Reached target Sleep.
Jul 29 11:28:12 localhost Started Update UTMP about System Boot/Shutdown.
Jul 29 14:35:57 localhost Started Network Manager Script Dispatcher Service.
Jul 29 12:11:13 localhost Stopped target Graphical Interface.
Jul 29 01:01:48 localhost Stopped target Graphical Interface.
Jul 29 02:26:27 localhost Reached target Sleep.
Jul 28 22:59:02 localhost Started Network Manager Script Dispatcher Service.
Jul 29 14:04:39 localhost Service only ran for 0 seconds. Pushing respawn out by 10 seconds.
Jul 29 04:50:11 localhost Stopped target Graphical Interface.
Jul 28 23:29:44 localhost Started Update UTMP about System Boot/Shutdown.
Jul 29 08:58:27 localhost Service only ran for 0 seconds. Pushing respawn out by 10 seconds.
Jul 29 22:43:29 localhost Started Network Manager Script Dispatcher Service.
Jul 29 13:07:43 localhost Reached target Sleep.
Jul 29 11:42:11 localhost Reached target Sleep.
Jul 29 11:47:14 localhost Service only ran for 0 seconds. Pushing respawn out by 10 seconds.
Jul 29 15:16:08 localhost Started Network Manager Script Dispatcher Service.
Jul 29 12:14:23 localhost Started Update UTMP about System Boot/Shutdown.
Jul 28 23:39:46 localhost Stopped target Graphical Interface.
Jul 29 02:42:33 localhost Started Update UTMP about System Boot/Shutdown.
Jul 29 03:29:04 localhost Stopped target Graphical Interface.
Jul 29 13:48:39 localhost Started Update UTMP about System Boot/Shutdown.
Jul 29 13:32:43 localhost Service only ran for 0 seconds. Pushing respawn out by 10 seconds.
Jul 29 00:23:40 localhost Started Update UTMP about System Boot/Shutdown.
Jul 29 16:19:45 localhost Stopped target Graphical Interface.
Jul 29 15:31:33 localhost Reached target Sleep.
Jul 29 12:36:56 localhost Started Update UTMP about System Boot/Shutdown.
Jul 29 05:59:38 localhost Started Update UTMP about System Boot/Shutdown.
Jul 29 16:50:01 localhost Service only ran for 0 seconds. Pushing respawn out by 10 seconds.
Jul 29 12:54:29 localhost Reached target Sleep.
Jul 29 21:05:39 localhost Stopped target Graphical Interface.
Jul 29 14:26:16 localhost Service only ran for 0 seconds. Pushing respawn out by 10 seconds.
Jul 29 12:20:27 localhost Service only ran for 0 seconds. Pushing respawn out by 10 seconds.
Jul 29 19:34:58 localhost Started Network Manager Script Dispatcher Service.
Jul 29 04:59:04 localhost Started Network Manager Script Dispatcher Service.
Jul 29 20:58:45 localhost Stopped target Graphical Interface.
Jul 29 16:48:59 localhost Reached target Sleep.
Jul 29 03:53:19 localhost Started Update UTMP about System Boot/Shutdown.
Jul 29 11:01:39 localhost Stopped target Graphical Interface.
Jul 29 17:36:35 localhost Reached target Sleep.
Jul 29 12:44:11 localhost Reached target Sleep.
Jul 29 08:14:33 localhost Stopped target Graphical Interface.
Jul 29 17:48:20 localhost Started Network Manager Script Dispatcher Service.
Jul 29 19:31:33 localhost Stopped target Graphical Interface.
Jul 29 10:23:33 localhost Stopped target Graphical Interface.
Jul 29 10:35:59 localhost Started Update UTMP about System Boot/Shutdown.
Jul 29 14:22:32 localhost Stopped target Graphical Interface.
Jul 29 19:58:12 localhost Started Update UTMP about System Boot/Shutdown.
